<?xml version="1.0" encoding="UTF-8"?>
<testng-results skipped="0" failed="0" ignored="0" total="1" passed="1">
  <reporter-output>
  </reporter-output>
  <suite name="Default suite" duration-ms="34131" started-at="2017-09-08T11:52:08Z" finished-at="2017-09-08T11:52:42Z">
    <groups>
    </groups>
    <test name="Default test" duration-ms="34131" started-at="2017-09-08T11:52:08Z" finished-at="2017-09-08T11:52:42Z">
      <class name="KT.KTproject.popup_window">
        <test-method status="PASS" signature="f()[pri:0, instance:KT.KTproject.popup_window@343f4d3d]" name="f" duration-ms="34103" started-at="2017-09-08T17:22:08Z" finished-at="2017-09-08T17:22:42Z">
          <reporter-output>
          </reporter-output>
        </test-method> <!-- f -->
      </class> <!-- KT.KTproject.popup_window -->
    </test> <!-- Default test -->
  </suite> <!-- Default suite -->
</testng-results>
